2017-07-12 12:26:39,149: WARNING: *********算法共预测到3089个话题簇****************

2017-07-12 12:26:39,190: INFO: 现在要将话题簇转换为话题id，去数据库表中匹配
2017-07-12 12:27:03,957: WARNING: *********算法共预测到3089个话题簇****************

2017-07-12 12:27:03,957: INFO: 现在要将话题簇转换为话题id，去数据库表中匹配
2017-07-12 12:27:35,137: WARNING: *********算法共预测到3089个话题簇****************

2017-07-12 12:27:35,137: INFO: 现在要将话题簇转换为话题id，去数据库表中匹配
2017-07-12 12:27:43,305: WARNING: ***********分析结果如下**************

2017-07-12 12:32:58,703: WARNING: *********算法共预测到3089个话题簇****************

2017-07-12 12:32:58,703: INFO: 现在要将话题簇转换为话题id，去数据库表中匹配
2017-07-12 12:33:00,552: WARNING: ***********分析结果如下**************

2017-07-12 12:33:00,553: INFO: 预测到的话题个数为：644
2017-07-12 12:33:00,553: INFO: 人工标注中，后7天的话题个数为：65
2017-07-12 12:33:00,553: INFO: 预测的话题不在人工标注话题中的个数为：2046
2017-07-12 12:33:00,553: INFO: 预测为新兴话题，而人工为非新兴话题，个数为：551
2017-07-12 12:33:00,553: INFO: 预测为新兴话题，人工也为新兴话题，个数为：93
2017-07-12 12:33:00,553: INFO: 预测的话题比中间时刻tmid话题要早，个数为：0
2017-07-12 12:33:00,553: INFO: 预测的话题比中间时刻tmid话题要晚(相当于预测失败)，个数为：0
2017-07-12 12:33:00,553: INFO: 预测的话题比热门时刻thot话题要早，个数为：0
2017-07-12 12:33:00,553: INFO: 预测的话题比中间时刻thot话题要晚(相当于预测失败)，个数为：93
2017-07-12 12:33:00,553: WARNING: ***************************************

2017-07-12 12:33:00,553: WARNING: ***********计算结果如下**************

2017-07-12 12:33:00,553: WARNING: *******tmid******

2017-07-12 12:33:00,553: INFO: 准确率：0 / 0+2046+551 =0.0
2017-07-12 12:33:00,553: INFO: 召回率：0 / 65 =0.0
2017-07-12 13:47:00,613: WARNING: *********算法共预测到495个话题簇****************

2017-07-12 13:47:00,613: INFO: 现在要将话题簇转换为话题id，去数据库表中匹配
2017-07-12 13:47:01,188: WARNING: ***********分析结果如下**************

2017-07-12 13:47:01,189: INFO: 预测到的话题个数为：203
2017-07-12 13:47:01,189: INFO: 人工标注中，后7天的话题个数为：65
2017-07-12 13:47:01,189: INFO: 预测的话题不在人工标注话题中的个数为：227
2017-07-12 13:47:01,189: INFO: 预测为新兴话题，而人工为非新兴话题，个数为：132
2017-07-12 13:47:01,189: INFO: 预测为新兴话题，人工也为新兴话题，个数为：71
2017-07-12 13:47:01,189: INFO: 预测的话题比中间时刻tmid话题要早，个数为：0
2017-07-12 13:47:01,189: INFO: 预测的话题比中间时刻tmid话题要晚(相当于预测失败)，个数为：0
2017-07-12 13:47:01,189: INFO: 预测的话题比热门时刻thot话题要早，个数为：0
2017-07-12 13:47:01,189: INFO: 预测的话题比中间时刻thot话题要晚(相当于预测失败)，个数为：71
2017-07-12 13:47:01,190: WARNING: ***************************************

2017-07-12 13:47:01,190: WARNING: ***********计算结果如下**************

2017-07-12 13:47:01,190: WARNING: *******tmid******

2017-07-12 13:47:01,190: INFO: 准确率：0 / 0+227+132 =0.0
2017-07-12 13:47:01,190: INFO: 召回率：0 / 65 =0.0
